Performing C++ SOURCE FILE Test CMAKE_HAVE_LIBC_PTHREAD failed with the following output:
Change Dir: /home/user/AndroidStudioProjects/libs/spdlog/build/armeabi-v7a/CMakeFiles/CMakeTmp

Run Build Command(s):/usr/bin/make -f Makefile cmTC_f7798/fast && /usr/bin/make  -f CMakeFiles/cmTC_f7798.dir/build.make CMakeFiles/cmTC_f7798.dir/build
make[1]: вход в каталог «/home/user/AndroidStudioProjects/libs/spdlog/build/armeabi-v7a/CMakeFiles/CMakeTmp»
Building CXX object CMakeFiles/cmTC_f7798.dir/src.cxx.o
/home/user/Android/Sdk/ndk/22.1.7171670/toolchains/llvm/prebuilt/linux-x86_64/bin/clang++ --target=armv7-none-linux-androideabi16 --gcc-toolchain=/home/user/Android/Sdk/ndk/22.1.7171670/toolchains/llvm/prebuilt/linux-x86_64 --sysroot=/home/user/Android/Sdk/ndk/22.1.7171670/toolchains/llvm/prebuilt/linux-x86_64/sysroot -DCMAKE_HAVE_LIBC_PTHREAD  -g -DANDROID -fdata-sections -ffunction-sections -funwind-tables -fstack-protector-strong -no-canonical-prefixes -D_FORTIFY_SOURCE=2 -march=armv7-a -mthumb -Wformat -Werror=format-security    -fPIE -std=c++11 -MD -MT CMakeFiles/cmTC_f7798.dir/src.cxx.o -MF CMakeFiles/cmTC_f7798.dir/src.cxx.o.d -o CMakeFiles/cmTC_f7798.dir/src.cxx.o -c /home/user/AndroidStudioProjects/libs/spdlog/build/armeabi-v7a/CMakeFiles/CMakeTmp/src.cxx
/home/user/AndroidStudioProjects/libs/spdlog/build/armeabi-v7a/CMakeFiles/CMakeTmp/src.cxx:13:3: error: use of undeclared identifier 'pthread_cancel'
  pthread_cancel(thread);
  ^
1 error generated.
make[1]: *** [CMakeFiles/cmTC_f7798.dir/build.make:79: CMakeFiles/cmTC_f7798.dir/src.cxx.o] Ошибка 1
make[1]: выход из каталога «/home/user/AndroidStudioProjects/libs/spdlog/build/armeabi-v7a/CMakeFiles/CMakeTmp»
make: *** [Makefile:127: cmTC_f7798/fast] Ошибка 2


Source file was:
#include <pthread.h>

static void* test_func(void* data)
{
  return data;
}

int main(void)
{
  pthread_t thread;
  pthread_create(&thread, NULL, test_func, NULL);
  pthread_detach(thread);
  pthread_cancel(thread);
  pthread_join(thread, NULL);
  pthread_atfork(NULL, NULL, NULL);
  pthread_exit(NULL);

  return 0;
}

Determining if the function pthread_create exists in the pthreads failed with the following output:
Change Dir: /home/user/AndroidStudioProjects/libs/spdlog/build/armeabi-v7a/CMakeFiles/CMakeTmp

Run Build Command(s):/usr/bin/make -f Makefile cmTC_23aa7/fast && /usr/bin/make  -f CMakeFiles/cmTC_23aa7.dir/build.make CMakeFiles/cmTC_23aa7.dir/build
make[1]: вход в каталог «/home/user/AndroidStudioProjects/libs/spdlog/build/armeabi-v7a/CMakeFiles/CMakeTmp»
Building CXX object CMakeFiles/cmTC_23aa7.dir/CheckFunctionExists.cxx.o
/home/user/Android/Sdk/ndk/22.1.7171670/toolchains/llvm/prebuilt/linux-x86_64/bin/clang++ --target=armv7-none-linux-androideabi16 --gcc-toolchain=/home/user/Android/Sdk/ndk/22.1.7171670/toolchains/llvm/prebuilt/linux-x86_64 --sysroot=/home/user/Android/Sdk/ndk/22.1.7171670/toolchains/llvm/prebuilt/linux-x86_64/sysroot   -g -DANDROID -fdata-sections -ffunction-sections -funwind-tables -fstack-protector-strong -no-canonical-prefixes -D_FORTIFY_SOURCE=2 -march=armv7-a -mthumb -Wformat -Werror=format-security   -DCHECK_FUNCTION_EXISTS=pthread_create -fPIE -std=c++11 -MD -MT CMakeFiles/cmTC_23aa7.dir/CheckFunctionExists.cxx.o -MF CMakeFiles/cmTC_23aa7.dir/CheckFunctionExists.cxx.o.d -o CMakeFiles/cmTC_23aa7.dir/CheckFunctionExists.cxx.o -c /home/user/AndroidStudioProjects/libs/spdlog/build/armeabi-v7a/CMakeFiles/CheckLibraryExists/CheckFunctionExists.cxx
Linking CXX executable cmTC_23aa7
/home/user/Android/Sdk/cmake/3.20.1/bin/cmake -E cmake_link_script CMakeFiles/cmTC_23aa7.dir/link.txt --verbose=1
/home/user/Android/Sdk/ndk/22.1.7171670/toolchains/llvm/prebuilt/linux-x86_64/bin/clang++ --target=armv7-none-linux-androideabi16 --gcc-toolchain=/home/user/Android/Sdk/ndk/22.1.7171670/toolchains/llvm/prebuilt/linux-x86_64 --sysroot=/home/user/Android/Sdk/ndk/22.1.7171670/toolchains/llvm/prebuilt/linux-x86_64/sysroot -g -DANDROID -fdata-sections -ffunction-sections -funwind-tables -fstack-protector-strong -no-canonical-prefixes -D_FORTIFY_SOURCE=2 -march=armv7-a -mthumb -Wformat -Werror=format-security   -DCHECK_FUNCTION_EXISTS=pthread_create -Wl,--exclude-libs,libgcc.a -Wl,--exclude-libs,libgcc_real.a -Wl,--exclude-libs,libatomic.a -static-libstdc++ -Wl,--build-id=sha1 -Wl,--no-rosegment -Wl,--fatal-warnings -Wl,--exclude-libs,libunwind.a -Wl,--no-undefined -Qunused-arguments -Wl,--gc-sections   CMakeFiles/cmTC_23aa7.dir/CheckFunctionExists.cxx.o -o cmTC_23aa7  -lpthreads -latomic -lm 
ld: error: unable to find library -lpthreads
clang++: error: linker command failed with exit code 1 (use -v to see invocation)
make[1]: *** [CMakeFiles/cmTC_23aa7.dir/build.make:100: cmTC_23aa7] Ошибка 1
make[1]: выход из каталога «/home/user/AndroidStudioProjects/libs/spdlog/build/armeabi-v7a/CMakeFiles/CMakeTmp»
make: *** [Makefile:127: cmTC_23aa7/fast] Ошибка 2



Determining if the function pthread_create exists in the pthread failed with the following output:
Change Dir: /home/user/AndroidStudioProjects/libs/spdlog/build/armeabi-v7a/CMakeFiles/CMakeTmp

Run Build Command(s):/usr/bin/make -f Makefile cmTC_573e8/fast && /usr/bin/make  -f CMakeFiles/cmTC_573e8.dir/build.make CMakeFiles/cmTC_573e8.dir/build
make[1]: вход в каталог «/home/user/AndroidStudioProjects/libs/spdlog/build/armeabi-v7a/CMakeFiles/CMakeTmp»
Building CXX object CMakeFiles/cmTC_573e8.dir/CheckFunctionExists.cxx.o
/home/user/Android/Sdk/ndk/22.1.7171670/toolchains/llvm/prebuilt/linux-x86_64/bin/clang++ --target=armv7-none-linux-androideabi16 --gcc-toolchain=/home/user/Android/Sdk/ndk/22.1.7171670/toolchains/llvm/prebuilt/linux-x86_64 --sysroot=/home/user/Android/Sdk/ndk/22.1.7171670/toolchains/llvm/prebuilt/linux-x86_64/sysroot   -g -DANDROID -fdata-sections -ffunction-sections -funwind-tables -fstack-protector-strong -no-canonical-prefixes -D_FORTIFY_SOURCE=2 -march=armv7-a -mthumb -Wformat -Werror=format-security   -DCHECK_FUNCTION_EXISTS=pthread_create -fPIE -std=c++11 -MD -MT CMakeFiles/cmTC_573e8.dir/CheckFunctionExists.cxx.o -MF CMakeFiles/cmTC_573e8.dir/CheckFunctionExists.cxx.o.d -o CMakeFiles/cmTC_573e8.dir/CheckFunctionExists.cxx.o -c /home/user/AndroidStudioProjects/libs/spdlog/build/armeabi-v7a/CMakeFiles/CheckLibraryExists/CheckFunctionExists.cxx
Linking CXX executable cmTC_573e8
/home/user/Android/Sdk/cmake/3.20.1/bin/cmake -E cmake_link_script CMakeFiles/cmTC_573e8.dir/link.txt --verbose=1
/home/user/Android/Sdk/ndk/22.1.7171670/toolchains/llvm/prebuilt/linux-x86_64/bin/clang++ --target=armv7-none-linux-androideabi16 --gcc-toolchain=/home/user/Android/Sdk/ndk/22.1.7171670/toolchains/llvm/prebuilt/linux-x86_64 --sysroot=/home/user/Android/Sdk/ndk/22.1.7171670/toolchains/llvm/prebuilt/linux-x86_64/sysroot -g -DANDROID -fdata-sections -ffunction-sections -funwind-tables -fstack-protector-strong -no-canonical-prefixes -D_FORTIFY_SOURCE=2 -march=armv7-a -mthumb -Wformat -Werror=format-security   -DCHECK_FUNCTION_EXISTS=pthread_create -Wl,--exclude-libs,libgcc.a -Wl,--exclude-libs,libgcc_real.a -Wl,--exclude-libs,libatomic.a -static-libstdc++ -Wl,--build-id=sha1 -Wl,--no-rosegment -Wl,--fatal-warnings -Wl,--exclude-libs,libunwind.a -Wl,--no-undefined -Qunused-arguments -Wl,--gc-sections   CMakeFiles/cmTC_573e8.dir/CheckFunctionExists.cxx.o -o cmTC_573e8  -lpthread -latomic -lm 
ld: error: unable to find library -lpthread
clang++: error: linker command failed with exit code 1 (use -v to see invocation)
make[1]: *** [CMakeFiles/cmTC_573e8.dir/build.make:100: cmTC_573e8] Ошибка 1
make[1]: выход из каталога «/home/user/AndroidStudioProjects/libs/spdlog/build/armeabi-v7a/CMakeFiles/CMakeTmp»
make: *** [Makefile:127: cmTC_573e8/fast] Ошибка 2



